# JRE version: Java(TM) SE Runtime Environment (8.0_77-b03) (build 1.8.0_77-b03)
# Java VM: Java HotSpot(TM) 64-Bit Server VM (25.77-b03 mixed mode linux-amd64 compressed oops)
Heap:
 PSYoungGen      total 396800K, used 316370K [0x0000000782f80000, 0x00000007a3400000, 0x00000007c0000000)
  eden space 359936K, 77% used [0x0000000782f80000,0x0000000794074cb0,0x0000000798f00000)
  from space 36864K, 99% used [0x0000000798f00000,0x000000079b2ffd68,0x000000079b300000)
  to   space 47616K, 0% used [0x00000007a0580000,0x00000007a0580000,0x00000007a3400000)
 ParOldGen       total 188416K, used 53323K [0x0000000708e00000, 0x0000000714600000, 0x0000000782f80000)
  object space 188416K, 28% used [0x0000000708e00000,0x000000070c212e08,0x0000000714600000)
 Metaspace       used 61274K, capacity 62596K, committed 62976K, reserved 1103872K
  class space    used 7767K, capacity 8369K, committed 8448K, reserved 1048576K
GC Heap History (10 events):
Event: 7.623 GC heap before
{Heap before GC invocations=12 (full 2):
 PSYoungGen      total 317440K, used 20432K [0x0000000782f80000, 0x0000000798f00000, 0x00000007c0000000)
  eden space 287232K, 0% used [0x0000000782f80000,0x0000000782f80000,0x0000000794800000)
  from space 30208K, 67% used [0x0000000797180000,0x0000000798574270,0x0000000798f00000)
  to   space 36352K, 0% used [0x0000000794800000,0x0000000794800000,0x0000000796b80000)
 ParOldGen       total 94208K, used 38614K [0x0000000708e00000, 0x000000070ea00000, 0x0000000782f80000)
  object space 94208K, 40% used [0x0000000708e00000,0x000000070b3b5a08,0x000000070ea00000)
 Metaspace       used 34564K, capacity 35134K, committed 35416K, reserved 1081344K
  class space    used 4138K, capacity 4292K, committed 4352K, reserved 1048576K
Event: 7.744 GC heap after
Heap after GC invocations=12 (full 2):
 PSYoungGen      total 317440K, used 0K [0x0000000782f80000, 0x0000000798f00000, 0x00000007c0000000)
  eden space 287232K, 0% used [0x0000000782f80000,0x0000000782f80000,0x0000000794800000)
  from space 30208K, 0% used [0x0000000797180000,0x0000000797180000,0x0000000798f00000)
  to   space 36352K, 0% used [0x0000000794800000,0x0000000794800000,0x0000000796b80000)
 ParOldGen       total 148992K, used 35313K [0x0000000708e00000, 0x0000000711f80000, 0x0000000782f80000)
  object space 148992K, 23% used [0x0000000708e00000,0x000000070b07c4e0,0x0000000711f80000)
 Metaspace       used 34564K, capacity 35134K, committed 35416K, reserved 1081344K
  class space    used 4138K, capacity 4292K, committed 4352K, reserved 1048576K
}
Event: 12.145 GC heap before
{Heap before GC invocations=13 (full 2):
 PSYoungGen      total 317440K, used 287232K [0x0000000782f80000, 0x0000000798f00000, 0x00000007c0000000)
  eden space 287232K, 100% used [0x0000000782f80000,0x0000000794800000,0x0000000794800000)
  from space 30208K, 0% used [0x0000000797180000,0x0000000797180000,0x0000000798f00000)
  to   space 36352K, 0% used [0x0000000794800000,0x0000000794800000,0x0000000796b80000)
 ParOldGen       total 148992K, used 35313K [0x0000000708e00000, 0x0000000711f80000, 0x0000000782f80000)
  object space 148992K, 23% used [0x0000000708e00000,0x000000070b07c4e0,0x0000000711f80000)
 Metaspace       used 55884K, capacity 57066K, committed 57472K, reserved 1099776K
  class space    used 7042K, capacity 7541K, committed 7552K, reserved 1048576K
Event: 12.165 GC heap after
Heap after GC invocations=13 (full 2):
 PSYoungGen      total 323584K, used 27779K [0x0000000782f80000, 0x000000079e180000, 0x00000007c0000000)
  eden space 287232K, 0% used [0x0000000782f80000,0x0000000782f80000,0x0000000794800000)
  from space 36352K, 76% used [0x0000000794800000,0x0000000796320d08,0x0000000796b80000)
  to   space 37888K, 0% used [0x000000079bc80000,0x000000079bc80000,0x000000079e180000)
 ParOldGen       total 148992K, used 35321K [0x0000000708e00000, 0x0000000711f80000, 0x0000000782f80000)
  object space 148992K, 23% used [0x0000000708e00000,0x000000070b07e4e0,0x0000000711f80000)
 Metaspace       used 55884K, capacity 57066K, committed 57472K, reserved 1099776K
  class space    used 7042K, capacity 7541K, committed 7552K, reserved 1048576K
}
Event: 14.990 GC heap before
{Heap before GC invocations=14 (full 2):
 PSYoungGen      total 323584K, used 44013K [0x0000000782f80000, 0x000000079e180000, 0x00000007c0000000)
  eden space 287232K, 5% used [0x0000000782f80000,0x0000000783f5aa08,0x0000000794800000)
  from space 36352K, 76% used [0x0000000794800000,0x0000000796320d08,0x0000000796b80000)
  to   space 37888K, 0% used [0x000000079bc80000,0x000000079bc80000,0x000000079e180000)
 ParOldGen       total 148992K, used 35321K [0x0000000708e00000, 0x0000000711f80000, 0x0000000782f80000)
  object space 148992K, 23% used [0x0000000708e00000,0x000000070b07e4e0,0x0000000711f80000)
 Metaspace       used 57455K, capacity 58698K, committed 59008K, reserved 1099776K
  class space    used 7252K, capacity 7765K, committed 7808K, reserved 1048576K
Event: 15.006 GC heap after
Heap after GC invocations=14 (full 2):
 PSYoungGen      total 387072K, used 13650K [0x0000000782f80000, 0x000000079d700000, 0x00000007c0000000)
  eden space 359936K, 0% used [0x0000000782f80000,0x0000000782f80000,0x0000000798f00000)
  from space 27136K, 50% used [0x000000079bc80000,0x000000079c9d4b18,0x000000079d700000)
  to   space 36864K, 0% used [0x0000000798f00000,0x0000000798f00000,0x000000079b300000)
 ParOldGen       total 148992K, used 35329K [0x0000000708e00000, 0x0000000711f80000, 0x0000000782f80000)
  object space 148992K, 23% used [0x0000000708e00000,0x000000070b0804e0,0x0000000711f80000)
 Metaspace       used 57455K, capacity 58698K, committed 59008K, reserved 1099776K
  class space    used 7252K, capacity 7765K, committed 7808K, reserved 1048576K
}
Event: 15.006 GC heap before
{Heap before GC invocations=15 (full 3):
 PSYoungGen      total 387072K, used 13650K [0x0000000782f80000, 0x000000079d700000, 0x00000007c0000000)
  eden space 359936K, 0% used [0x0000000782f80000,0x0000000782f80000,0x0000000798f00000)
  from space 27136K, 50% used [0x000000079bc80000,0x000000079c9d4b18,0x000000079d700000)
  to   space 36864K, 0% used [0x0000000798f00000,0x0000000798f00000,0x000000079b300000)
 ParOldGen       total 148992K, used 35329K [0x0000000708e00000, 0x0000000711f80000, 0x0000000782f80000)
  object space 148992K, 23% used [0x0000000708e00000,0x000000070b0804e0,0x0000000711f80000)
 Metaspace       used 57455K, capacity 58698K, committed 59008K, reserved 1099776K
  class space    used 7252K, capacity 7765K, committed 7808K, reserved 1048576K
Event: 15.222 GC heap after
Heap after GC invocations=15 (full 3):
 PSYoungGen      total 387072K, used 0K [0x0000000782f80000, 0x000000079d700000, 0x00000007c0000000)
  eden space 359936K, 0% used [0x0000000782f80000,0x0000000782f80000,0x0000000798f00000)
  from space 27136K, 0% used [0x000000079bc80000,0x000000079bc80000,0x000000079d700000)
  to   space 36864K, 0% used [0x0000000798f00000,0x0000000798f00000,0x000000079b300000)
 ParOldGen       total 188416K, used 38722K [0x0000000708e00000, 0x0000000714600000, 0x0000000782f80000)
  object space 188416K, 20% used [0x0000000708e00000,0x000000070b3d08d8,0x0000000714600000)
 Metaspace       used 57401K, capacity 58486K, committed 59008K, reserved 1099776K
  class space    used 7244K, capacity 7697K, committed 7808K, reserved 1048576K
}
Event: 313.745 GC heap before
{Heap before GC invocations=16 (full 3):
 PSYoungGen      total 387072K, used 359936K [0x0000000782f80000, 0x000000079d700000, 0x00000007c0000000)
  eden space 359936K, 100% used [0x0000000782f80000,0x0000000798f00000,0x0000000798f00000)
  from space 27136K, 0% used [0x000000079bc80000,0x000000079bc80000,0x000000079d700000)
  to   space 36864K, 0% used [0x0000000798f00000,0x0000000798f00000,0x000000079b300000)
 ParOldGen       total 188416K, used 38722K [0x0000000708e00000, 0x0000000714600000, 0x0000000782f80000)
  object space 188416K, 20% used [0x0000000708e00000,0x000000070b3d08d8,0x0000000714600000)
 Metaspace       used 58158K, capacity 59438K, committed 59904K, reserved 1101824K
  class space    used 7345K, capacity 7914K, committed 7936K, reserved 1048576K
Event: 313.803 GC heap after
Heap after GC invocations=16 (full 3):
 PSYoungGen      total 396800K, used 36863K [0x0000000782f80000, 0x00000007a3400000, 0x00000007c0000000)
  eden space 359936K, 0% used [0x0000000782f80000,0x0000000782f80000,0x0000000798f00000)
  from space 36864K, 99% used [0x0000000798f00000,0x000000079b2ffd68,0x000000079b300000)
  to   space 47616K, 0% used [0x00000007a0580000,0x00000007a0580000,0x00000007a3400000)
 ParOldGen       total 188416K, used 53323K [0x0000000708e00000, 0x0000000714600000, 0x0000000782f80000)
  object space 188416K, 28% used [0x0000000708e00000,0x000000070c212e08,0x0000000714600000)
 Metaspace       used 58158K, capacity 59438K, committed 59904K, reserved 1101824K
  class space    used 7345K, capacity 7914K, committed 7936K, reserved 1048576K
}

