# JRE version: Java(TM) SE Runtime Environment (8.0_77-b03) (build 1.8.0_77-b03)
# Java VM: Java HotSpot(TM) 64-Bit Server VM (25.77-b03 mixed mode linux-amd64 compressed oops)
Heap:
 PSYoungGen      total 428032K, used 311028K [0x0000000782f80000, 0x00000007a1d00000, 0x00000007c0000000)
  eden space 390656K, 79% used [0x0000000782f80000,0x0000000795f3d0e0,0x000000079ad00000)
  from space 37376K, 0% used [0x000000079d100000,0x000000079d100000,0x000000079f580000)
  to   space 36864K, 0% used [0x000000079ad00000,0x000000079ad00000,0x000000079d100000)
 ParOldGen       total 163840K, used 38041K [0x0000000708e00000, 0x0000000712e00000, 0x0000000782f80000)
  object space 163840K, 23% used [0x0000000708e00000,0x000000070b326638,0x0000000712e00000)
 Metaspace       used 64458K, capacity 65858K, committed 66176K, reserved 1107968K
  class space    used 7876K, capacity 8515K, committed 8576K, reserved 1048576K
GC Heap History (10 events):
Event: 9.874 GC heap before
{Heap before GC invocations=11 (full 1):
 PSYoungGen      total 259072K, used 137832K [0x0000000782f80000, 0x000000079a480000, 0x00000007c0000000)
  eden space 226816K, 47% used [0x0000000782f80000,0x0000000789831e80,0x0000000790d00000)
  from space 32256K, 94% used [0x0000000790d00000,0x0000000792ae8338,0x0000000792c80000)
  to   space 36352K, 0% used [0x0000000798100000,0x0000000798100000,0x000000079a480000)
 ParOldGen       total 92160K, used 37178K [0x0000000708e00000, 0x000000070e800000, 0x0000000782f80000)
  object space 92160K, 40% used [0x0000000708e00000,0x000000070b24eae0,0x000000070e800000)
 Metaspace       used 34554K, capacity 35166K, committed 35416K, reserved 1081344K
  class space    used 4164K, capacity 4324K, committed 4352K, reserved 1048576K
Event: 9.900 GC heap after
Heap after GC invocations=11 (full 1):
 PSYoungGen      total 335360K, used 18497K [0x0000000782f80000, 0x0000000799e00000, 0x00000007c0000000)
  eden space 305664K, 0% used [0x0000000782f80000,0x0000000782f80000,0x0000000795a00000)
  from space 29696K, 62% used [0x0000000798100000,0x0000000799310768,0x0000000799e00000)
  to   space 34816K, 0% used [0x0000000795a00000,0x0000000795a00000,0x0000000797c00000)
 ParOldGen       total 92160K, used 37963K [0x0000000708e00000, 0x000000070e800000, 0x0000000782f80000)
  object space 92160K, 41% used [0x0000000708e00000,0x000000070b312ea8,0x000000070e800000)
 Metaspace       used 34554K, capacity 35166K, committed 35416K, reserved 1081344K
  class space    used 4164K, capacity 4324K, committed 4352K, reserved 1048576K
}
Event: 9.900 GC heap before
{Heap before GC invocations=12 (full 2):
 PSYoungGen      total 335360K, used 18497K [0x0000000782f80000, 0x0000000799e00000, 0x00000007c0000000)
  eden space 305664K, 0% used [0x0000000782f80000,0x0000000782f80000,0x0000000795a00000)
  from space 29696K, 62% used [0x0000000798100000,0x0000000799310768,0x0000000799e00000)
  to   space 34816K, 0% used [0x0000000795a00000,0x0000000795a00000,0x0000000797c00000)
 ParOldGen       total 92160K, used 37963K [0x0000000708e00000, 0x000000070e800000, 0x0000000782f80000)
  object space 92160K, 41% used [0x0000000708e00000,0x000000070b312ea8,0x000000070e800000)
 Metaspace       used 34554K, capacity 35166K, committed 35416K, reserved 1081344K
  class space    used 4164K, capacity 4324K, committed 4352K, reserved 1048576K
Event: 10.049 GC heap after
Heap after GC invocations=12 (full 2):
 PSYoungGen      total 335360K, used 0K [0x0000000782f80000, 0x0000000799e00000, 0x00000007c0000000)
  eden space 305664K, 0% used [0x0000000782f80000,0x0000000782f80000,0x0000000795a00000)
  from space 29696K, 0% used [0x0000000798100000,0x0000000798100000,0x0000000799e00000)
  to   space 34816K, 0% used [0x0000000795a00000,0x0000000795a00000,0x0000000797c00000)
 ParOldGen       total 143872K, used 33073K [0x0000000708e00000, 0x0000000711a80000, 0x0000000782f80000)
  object space 143872K, 22% used [0x0000000708e00000,0x000000070ae4c480,0x0000000711a80000)
 Metaspace       used 34554K, capacity 35166K, committed 35416K, reserved 1081344K
  class space    used 4164K, capacity 4324K, committed 4352K, reserved 1048576K
}
Event: 55.220 GC heap before
{Heap before GC invocations=13 (full 2):
 PSYoungGen      total 335360K, used 305664K [0x0000000782f80000, 0x0000000799e00000, 0x00000007c0000000)
  eden space 305664K, 100% used [0x0000000782f80000,0x0000000795a00000,0x0000000795a00000)
  from space 29696K, 0% used [0x0000000798100000,0x0000000798100000,0x0000000799e00000)
  to   space 34816K, 0% used [0x0000000795a00000,0x0000000795a00000,0x0000000797c00000)
 ParOldGen       total 143872K, used 33073K [0x0000000708e00000, 0x0000000711a80000, 0x0000000782f80000)
  object space 143872K, 22% used [0x0000000708e00000,0x000000070ae4c480,0x0000000711a80000)
 Metaspace       used 57180K, capacity 58410K, committed 58752K, reserved 1099776K
  class space    used 7220K, capacity 7733K, committed 7808K, reserved 1048576K
Event: 55.254 GC heap after
Heap after GC invocations=13 (full 2):
 PSYoungGen      total 340480K, used 29215K [0x0000000782f80000, 0x000000079f580000, 0x00000007c0000000)
  eden space 305664K, 0% used [0x0000000782f80000,0x0000000782f80000,0x0000000795a00000)
  from space 34816K, 83% used [0x0000000795a00000,0x0000000797687dc0,0x0000000797c00000)
  to   space 37376K, 0% used [0x000000079d100000,0x000000079d100000,0x000000079f580000)
 ParOldGen       total 143872K, used 33081K [0x0000000708e00000, 0x0000000711a80000, 0x0000000782f80000)
  object space 143872K, 22% used [0x0000000708e00000,0x000000070ae4e480,0x0000000711a80000)
 Metaspace       used 57180K, capacity 58410K, committed 58752K, reserved 1099776K
  class space    used 7220K, capacity 7733K, committed 7808K, reserved 1048576K
}
Event: 55.341 GC heap before
{Heap before GC invocations=14 (full 2):
 PSYoungGen      total 340480K, used 35564K [0x0000000782f80000, 0x000000079f580000, 0x00000007c0000000)
  eden space 305664K, 2% used [0x0000000782f80000,0x00000007835b3508,0x0000000795a00000)
  from space 34816K, 83% used [0x0000000795a00000,0x0000000797687dc0,0x0000000797c00000)
  to   space 37376K, 0% used [0x000000079d100000,0x000000079d100000,0x000000079f580000)
 ParOldGen       total 143872K, used 33081K [0x0000000708e00000, 0x0000000711a80000, 0x0000000782f80000)
  object space 143872K, 22% used [0x0000000708e00000,0x000000070ae4e480,0x0000000711a80000)
 Metaspace       used 57490K, capacity 58698K, committed 59008K, reserved 1099776K
  class space    used 7257K, capacity 7765K, committed 7808K, reserved 1048576K
Event: 55.355 GC heap after
Heap after GC invocations=14 (full 2):
 PSYoungGen      total 428032K, used 12691K [0x0000000782f80000, 0x00000007a1d00000, 0x00000007c0000000)
  eden space 390656K, 0% used [0x0000000782f80000,0x0000000782f80000,0x000000079ad00000)
  from space 37376K, 33% used [0x000000079d100000,0x000000079dd64ed0,0x000000079f580000)
  to   space 36864K, 0% used [0x000000079ad00000,0x000000079ad00000,0x000000079d100000)
 ParOldGen       total 143872K, used 33089K [0x0000000708e00000, 0x0000000711a80000, 0x0000000782f80000)
  object space 143872K, 22% used [0x0000000708e00000,0x000000070ae50480,0x0000000711a80000)
 Metaspace       used 57490K, capacity 58698K, committed 59008K, reserved 1099776K
  class space    used 7257K, capacity 7765K, committed 7808K, reserved 1048576K
}
Event: 55.355 GC heap before
{Heap before GC invocations=15 (full 3):
 PSYoungGen      total 428032K, used 12691K [0x0000000782f80000, 0x00000007a1d00000, 0x00000007c0000000)
  eden space 390656K, 0% used [0x0000000782f80000,0x0000000782f80000,0x000000079ad00000)
  from space 37376K, 33% used [0x000000079d100000,0x000000079dd64ed0,0x000000079f580000)
  to   space 36864K, 0% used [0x000000079ad00000,0x000000079ad00000,0x000000079d100000)
 ParOldGen       total 143872K, used 33089K [0x0000000708e00000, 0x0000000711a80000, 0x0000000782f80000)
  object space 143872K, 22% used [0x0000000708e00000,0x000000070ae50480,0x0000000711a80000)
 Metaspace       used 57490K, capacity 58698K, committed 59008K, reserved 1099776K
  class space    used 7257K, capacity 7765K, committed 7808K, reserved 1048576K
Event: 55.568 GC heap after
Heap after GC invocations=15 (full 3):
 PSYoungGen      total 428032K, used 0K [0x0000000782f80000, 0x00000007a1d00000, 0x00000007c0000000)
  eden space 390656K, 0% used [0x0000000782f80000,0x0000000782f80000,0x000000079ad00000)
  from space 37376K, 0% used [0x000000079d100000,0x000000079d100000,0x000000079f580000)
  to   space 36864K, 0% used [0x000000079ad00000,0x000000079ad00000,0x000000079d100000)
 ParOldGen       total 163840K, used 38041K [0x0000000708e00000, 0x0000000712e00000, 0x0000000782f80000)
  object space 163840K, 23% used [0x0000000708e00000,0x000000070b326638,0x0000000712e00000)
 Metaspace       used 57436K, capacity 58486K, committed 59008K, reserved 1099776K
  class space    used 7249K, capacity 7697K, committed 7808K, reserved 1048576K
}

